<?xml version="1.0" encoding="UTF-8"?>
<testng-results ignored="0" total="1" passed="1" failed="0" skipped="0">
  <reporter-output>
  </reporter-output>
  <suite started-at="2026-01-07T17:08:40 CET" name="Default suite" finished-at="2026-01-07T17:08:46 CET" duration-ms="5218">
    <groups>
    </groups>
    <test started-at="2026-01-07T17:08:40 CET" name="Default test" finished-at="2026-01-07T17:08:46 CET" duration-ms="5218">
      <class name="chrome.login.LoginTest">
        <test-method is-config="true" signature="setUp()[pri:0, instance:chrome.login.LoginTest@1ab3a8c8]" started-at="2026-01-07T17:08:41 CET" name="setUp" finished-at="2026-01-07T17:08:45 CET" duration-ms="4040" status="PASS">
          <reporter-output>
          </reporter-output>
        </test-method> <!-- setUp -->
        <test-method is-config="true" signature="goHome()[pri:0, instance:chrome.login.LoginTest@1ab3a8c8]" started-at="2026-01-07T17:08:45 CET" name="goHome" finished-at="2026-01-07T17:08:45 CET" duration-ms="123" status="PASS">
          <reporter-output>
          </reporter-output>
        </test-method> <!-- goHome -->
        <test-method signature="testSuccesfullLogin()[pri:0, instance:chrome.login.LoginTest@1ab3a8c8]" started-at="2026-01-07T17:08:45 CET" name="testSuccesfullLogin" finished-at="2026-01-07T17:08:46 CET" duration-ms="936" status="PASS">
          <reporter-output>
          </reporter-output>
        </test-method> <!-- testSuccesfullLogin -->
        <test-method is-config="true" signature="recordFailure(org.testng.ITestResult)[pri:0, instance:chrome.login.LoginTest@1ab3a8c8]" started-at="2026-01-07T17:08:46 CET" name="recordFailure" finished-at="2026-01-07T17:08:46 CET" duration-ms="1" status="PASS">
          <params>
            <param index="0">
              <value>
                <![CDATA[[TestResult name=testSuccesfullLogin status=SUCCESS method=LoginTest.testSuccesfullLogin()[pri:0, instance:chrome.login.LoginTest@1ab3a8c8] output={null}]]]>
              </value>
            </param>
          </params>
          <reporter-output>
          </reporter-output>
        </test-method> <!-- recordFailure -->
        <test-method is-config="true" signature="tearDown()[pri:0, instance:chrome.login.LoginTest@1ab3a8c8]" started-at="2026-01-07T17:08:46 CET" name="tearDown" finished-at="2026-01-07T17:08:46 CET" duration-ms="98" status="PASS">
          <reporter-output>
          </reporter-output>
        </test-method> <!-- tearDown -->
      </class> <!-- chrome.login.LoginTest -->
    </test> <!-- Default test -->
  </suite> <!-- Default suite -->
</testng-results>
