<?xml version="1.0" encoding="UTF-8"?>
<!-- Generated by org.testng.reporters.JUnitReportReporter -->
<testsuite hostname="Diams-MacBook-Pro.local" failures="0" tests="3" name="chrome.alerts.AlertTests" time="1.595" errors="0" timestamp="2026-02-12T09:48:57 CET" skipped="0">
  <testcase classname="chrome.alerts.AlertTests" name="testSetInputInAlert" time="0.543"/>
  <testcase classname="chrome.alerts.AlertTests" name="testAcceptAlert" time="0.535"/>
  <testcase classname="chrome.alerts.AlertTests" name="testGetTextFromAlert" time="0.517"/>
</testsuite> <!-- chrome.alerts.AlertTests -->
