<?xml version="1.0" encoding="UTF-8"?>
<!-- Generated by org.testng.reporters.JUnitReportReporter -->
<testsuite hostname="Diams-MacBook-Pro.local" failures="0" tests="3" name="chrome.alerts.AlertTests" time="1.853" errors="0" timestamp="2026-01-05T10:26:43 CET" skipped="0">
  <testcase classname="chrome.alerts.AlertTests" name="testGetTextFromAlert" time="0.322"/>
  <testcase classname="chrome.alerts.AlertTests" name="testAcceptAlert" time="0.418"/>
  <testcase classname="chrome.alerts.AlertTests" name="testSetInputInAlert" time="1.113"/>
</testsuite> <!-- chrome.alerts.AlertTests -->
